[2022-05-03T13:37:21.492] [INFO] consola - ruta /api/productosTest metodo GET
[2022-05-03T13:37:21.499] [INFO] consola - ruta /api/chat metodo GET
[2022-05-03T13:37:22.142] [INFO] consola - ruta /api/login metodo GET
[2022-05-03T13:37:28.721] [INFO] consola - ruta /api/login metodo POST
[2022-05-03T13:37:29.015] [INFO] consola - ruta /api/login metodo GET
[2022-05-03T13:37:29.022] [INFO] consola - ruta /api/productosTest metodo GET
[2022-05-03T13:37:29.028] [INFO] consola - ruta /api/chat metodo GET
[2022-05-03T13:37:29.414] [INFO] consola - ruta /asd metodo GET
[2022-05-10T12:07:45.654] [INFO] consola - ruta /favicon.ico metodo GET
[2022-05-10T12:07:46.090] [INFO] consola - ruta /api/productosTest metodo GET
[2022-05-10T12:07:46.095] [INFO] consola - ruta /api/chat metodo GET
[2022-05-10T12:08:04.093] [INFO] consola - ruta /api/login metodo GET
[2022-05-10T12:08:04.699] [INFO] consola - ruta /api/chat metodo POST
[2022-05-10T12:08:07.787] [INFO] consola - ruta /api/login metodo POST
[2022-05-10T12:08:08.965] [INFO] consola - ruta /api/productosTest metodo GET
[2022-05-10T12:08:09.157] [INFO] consola - ruta /api/chat metodo GET
[2022-05-10T12:08:09.167] [INFO] consola - ruta /api/login metodo GET
[2022-05-10T12:08:09.474] [INFO] consola - ruta /asd metodo GET
[2022-05-10T12:45:34.918] [INFO] consola - ruta /api/productosTest metodo GET
[2022-05-10T12:45:34.928] [INFO] consola - ruta /api/login metodo GET
[2022-05-10T12:45:34.934] [INFO] consola - ruta /api/chat metodo GET
[2022-05-10T12:45:45.062] [INFO] consola - ruta /api/login metodo POST
[2022-05-10T12:45:45.823] [INFO] consola - ruta /api/chat metodo GET
[2022-05-10T12:45:46.853] [INFO] consola - ruta /api/login metodo GET
[2022-05-10T12:45:46.860] [INFO] consola - ruta /api/productosTest metodo GET
[2022-05-10T12:45:47.844] [INFO] consola - ruta /asd metodo GET
[2022-05-10T14:34:25.185] [INFO] consola - ruta /api/productosTest metodo GET
[2022-05-10T14:34:25.193] [INFO] consola - ruta /api/chat metodo GET
[2022-05-10T14:34:42.161] [INFO] consola - ruta /api/login metodo GET
[2022-05-10T14:34:42.635] [INFO] consola - ruta /api/chat metodo POST
[2022-05-10T14:34:45.728] [INFO] consola - ruta /api/login metodo POST
[2022-05-10T14:34:46.477] [INFO] consola - ruta /api/chat metodo GET
[2022-05-10T14:34:47.567] [INFO] consola - ruta /api/productosTest metodo GET
[2022-05-10T14:34:47.572] [INFO] consola - ruta /api/login metodo GET
[2022-05-10T14:34:48.488] [INFO] consola - ruta /123 metodo GET
